{"/home/devdanps/git/node-pdf-time-extractor/src/services/pdfReader.js": {"path":"/home/devdanps/git/node-pdf-time-extractor/src/services/pdfReader.js","statementMap":{"0":{"start":{"line":1,"column":11},"end":{"line":1,"column":24}},"1":{"start":{"line":2,"column":13},"end":{"line":2,"column":28}},"2":{"start":{"line":5,"column":4},"end":{"line":15,"column":5}},"3":{"start":{"line":6,"column":23},"end":{"line":6,"column":48}},"4":{"start":{"line":8,"column":20},"end":{"line":8,"column":53}},"5":{"start":{"line":9,"column":21},"end":{"line":9,"column":38}},"6":{"start":{"line":11,"column":8},"end":{"line":11,"column":25}},"7":{"start":{"line":13,"column":8},"end":{"line":13,"column":86}},"8":{"start":{"line":14,"column":8},"end":{"line":14,"column":18}},"9":{"start":{"line":18,"column":0},"end":{"line":18,"column":29}}},"fnMap":{"0":{"name":"readPDF","decl":{"start":{"line":4,"column":15},"end":{"line":4,"column":22}},"loc":{"start":{"line":4,"column":51},"end":{"line":16,"column":1}},"line":4}},"branchMap":{"0":{"loc":{"start":{"line":4,"column":33},"end":{"line":4,"column":49}},"type":"default-arg","locations":[{"start":{"line":4,"column":45},"end":{"line":4,"column":49}}],"line":4},"1":{"loc":{"start":{"line":8,"column":20},"end":{"line":8,"column":53}},"type":"binary-expr","locations":[{"start":{"line":8,"column":20},"end":{"line":8,"column":29}},{"start":{"line":8,"column":33},"end":{"line":8,"column":53}}],"line":8}},"s":{"0":1,"1":1,"2":2,"3":2,"4":1,"5":1,"6":1,"7":1,"8":1,"9":1},"f":{"0":2},"b":{"0":[0],"1":[1,0]},"_coverageSchema":"1a1c01bbd47fc00a2c39e90264f33305004495a9","hash":"0b2fd67af9049abc63d3b3856c57443a4fdb65a6"}
,"/home/devdanps/git/node-pdf-time-extractor/src/utils/timeExtractor.js": {"path":"/home/devdanps/git/node-pdf-time-extractor/src/utils/timeExtractor.js","statementMap":{"0":{"start":{"line":1,"column":21},"end":{"line":1,"column":53}},"1":{"start":{"line":4,"column":20},"end":{"line":4,"column":44}},"2":{"start":{"line":5,"column":4},"end":{"line":5,"column":27}},"3":{"start":{"line":5,"column":18},"end":{"line":5,"column":27}},"4":{"start":{"line":7,"column":4},"end":{"line":10,"column":10}},"5":{"start":{"line":8,"column":33},"end":{"line":8,"column":63}},"6":{"start":{"line":9,"column":8},"end":{"line":9,"column":46}},"7":{"start":{"line":13,"column":0},"end":{"line":15,"column":2}}},"fnMap":{"0":{"name":"extractMinutes","decl":{"start":{"line":3,"column":9},"end":{"line":3,"column":23}},"loc":{"start":{"line":3,"column":30},"end":{"line":11,"column":1}},"line":3},"1":{"name":"(anonymous_1)","decl":{"start":{"line":7,"column":26},"end":{"line":7,"column":27}},"loc":{"start":{"line":7,"column":46},"end":{"line":10,"column":5}},"line":7}},"branchMap":{"0":{"loc":{"start":{"line":5,"column":4},"end":{"line":5,"column":27}},"type":"if","locations":[{"start":{"line":5,"column":4},"end":{"line":5,"column":27}},{"start":{},"end":{}}],"line":5}},"s":{"0":1,"1":4,"2":4,"3":1,"4":3,"5":4,"6":4,"7":1},"f":{"0":4,"1":4},"b":{"0":[1,3]},"_coverageSchema":"1a1c01bbd47fc00a2c39e90264f33305004495a9","hash":"a45bd0cba6ac050492a351217bb16413b2a40c19"}
}
